INFO    : PreTeXt project found in `/Users/jennifernordstrom/pretextbooks/TBILworkbook`.
WARNING : Project's CLI version could not be detected from `requirements.txt`.
WARNING : Try `pretext init --refresh` to produce a compatible file.
INFO    : Preparing to deploy from active `main` git branch.
INFO    : 
INFO    : Changes to project source since last commit detected.
INFO    : Add/committing these changes to local Git repository.
INFO    : 
INFO    : Using latest build located in `/Users/jennifernordstrom/pretextbooks/TBILworkbook/output/html`.
INFO    : 
INFO    : Committing your latest build to the `gh-pages` branch.
INFO    : 
INFO    : Attempting to connect to remote repository at `git@github.com:nordstromjf/TBIL_ULA.git`...
INFO    : 
INFO    : 
INFO    : Latest build successfully pushed to GitHub!
INFO    : 
INFO    : To enable GitHub Pages, visit
INFO    :     https://github.com/nordstromjf/TBIL_ULA/settings/pages
INFO    : selecting the `gh-pages` branch with the `/ (root)` folder.
INFO    : 
INFO    : Visit
INFO    :     https://github.com/nordstromjf/TBIL_ULA/actions/
INFO    : to check on the status of your GitHub Pages deployment.
INFO    : 
INFO    : Your built project will soon be available to the public at:
INFO    :     https://nordstromjf.github.io/TBIL_ULA/
