INFO    : Using PreTeXt-CLI version 2.11.1.  The latest stable version available is 2.13.5. Run `pretext upgrade` to update.

INFO    : PreTeXt project found in `/Users/jennifernordstrom/pretextbooks/TBILworkbook`.
WARNING : Project's CLI version could not be detected from `requirements.txt`.
WARNING : Try `pretext init --refresh` to produce a compatible file.
INFO    : Building target html
INFO    : Preparing to build into /Users/jennifernordstrom/pretextbooks/TBILworkbook/output/html.
INFO    : XSL conversion of /Users/jennifernordstrom/pretextbooks/TBILworkbook/source/main.ptx by /Users/jennifernordstrom/.ptx/2.11.1/core/xsl/utilities/report-publisher-variables.xsl
INFO    : messages from the log for XSL processing:
WARNING : * PTX:WARNING: your document is not a book with parts, so the publisher file  numbering/divisions/@part-structure  entry is being ignored
INFO    : successful application of /Users/jennifernordstrom/.ptx/2.11.1/core/xsl/utilities/report-publisher-variables.xsl
INFO    : discovering source file's directory name: /Users/jennifernordstrom/pretextbooks/TBILworkbook/source
INFO    : verifying and expanding input directory: /Users/jennifernordstrom/pretextbooks/TBILworkbook/source/../generated-assets
INFO    : input directory expanded to absolute path: /Users/jennifernordstrom/pretextbooks/TBILworkbook/generated-assets
INFO    : verifying and expanding input directory: /Users/jennifernordstrom/pretextbooks/TBILworkbook/source/../assets
INFO    : input directory expanded to absolute path: /Users/jennifernordstrom/pretextbooks/TBILworkbook/assets
INFO    : Runestone Services via online CDN query: version 7.5.9
INFO    : Downloading Runestone Services, version 7.5.9
INFO    : Extracting Runestone Services from archive file
INFO    : XSL conversion of /Users/jennifernordstrom/pretextbooks/TBILworkbook/source/main.ptx by /Users/jennifernordstrom/.ptx/2.11.1/core/xsl/utilities/report-publisher-variables.xsl
INFO    : messages from the log for XSL processing:
WARNING : * PTX:WARNING: your document is not a book with parts, so the publisher file  numbering/divisions/@part-structure  entry is being ignored
INFO    : successful application of /Users/jennifernordstrom/.ptx/2.11.1/core/xsl/utilities/report-publisher-variables.xsl
INFO    : XSL conversion of /Users/jennifernordstrom/pretextbooks/TBILworkbook/source/main.ptx by /Users/jennifernordstrom/.ptx/2.11.1/core/xsl/utilities/report-publisher-variables.xsl
INFO    : messages from the log for XSL processing:
WARNING : * PTX:WARNING: your document is not a book with parts, so the publisher file  numbering/divisions/@part-structure  entry is being ignored
INFO    : successful application of /Users/jennifernordstrom/.ptx/2.11.1/core/xsl/utilities/report-publisher-variables.xsl
INFO    : converting /Users/jennifernordstrom/pretextbooks/TBILworkbook/source/main.ptx to HTML in /var/folders/jx/_tr9kz5j537301qt36nttyh00000gn/T/ptx-23mi93yw
INFO    : XSL conversion of /Users/jennifernordstrom/pretextbooks/TBILworkbook/source/main.ptx by /Users/jennifernordstrom/.ptx/2.11.1/core/xsl/pretext-html.xsl
INFO    : messages from the log for XSL processing:
WARNING : * PTX:WARNING: your document is not a book with parts, so the publisher file  numbering/divisions/@part-structure  entry is being ignored
INFO    : * PTX:INFO:   checking ONLY the last TWO YEARS of element deprecations.
Rerun with the string parameter "author.deprecations.all" set to "yes" to check your source against all deprecations.
WARNING : * PTX:WARNING: A section containing subsections needs to have other content inside an <introduction> and/or  <conclusion>.
INFO    : *              located within: "ch2sec5" (xml:id), "Matrix transformations" (title)
WARNING : * PTX:DEPRECATE: (2024-10-08) elements previously included in a "titlepage" element inside the "frontmatter" (author, editor, credit, date, and event) should now be placed in "frontmatter/bibinfo".  To ensure a title page is created, put only the empty element "titlepage-items" inside "titlepage".  Until you move these elements, we will try to honor your intent. (1 time)
INFO    : *              located within: "frontmatter" (xml:id)
INFO    : * --------------
WARNING : * PTX:DEPRECATE: (2024-10-08) elements previously included in a "colophon" element inside the "frontmatter" (credit, copyright, edition, and website) should now be placed in "frontmatter/bibinfo". To produce a "colophon", include only the empty element "colophon-items" inside "colophon" Until you move these elements, we will try to honor your intent. (1 time)
INFO    : *              located within: "frontmatter" (xml:id)
INFO    : * --------------
WARNING : * PTX:DEPRECATE: (2024-07-12) the html/css/@style publication file entry has been deprecated for replacement by @theme. See the Guide for theme options.
INFO    : * --------------
INFO    : successful application of /Users/jennifernordstrom/.ptx/2.11.1/core/xsl/pretext-html.xsl
INFO    : Removing temporary directory /var/folders/jx/_tr9kz5j537301qt36nttyh00000gn/T/ptx-y_mo4stp
INFO    : Removing temporary directory /var/folders/jx/_tr9kz5j537301qt36nttyh00000gn/T/ptx-23mi93yw
INFO    : Removing temporary directory /var/folders/jx/_tr9kz5j537301qt36nttyh00000gn/T/ptx-bv413s9s
INFO    : Removing temporary directory /var/folders/jx/_tr9kz5j537301qt36nttyh00000gn/T/ptx-dhtz6bw6
INFO    : 
Success! Run `pretext view` to see the results.

INFO    : 
