WARNING : Project's CLI version could not be detected from `requirements.txt`.
WARNING : Try `pretext init --refresh` to produce a compatible file.
INFO    : Building target html
INFO    : XSL conversion of /Users/jennifernordstrom/pretextbooks/TBILworkbook/source/main.ptx by /Users/jennifernordstrom/.ptx/2.23.0/core/xsl/utilities/pretext-enhanced-source.xsl
INFO    : successful application of /Users/jennifernordstrom/.ptx/2.23.0/core/xsl/utilities/pretext-enhanced-source.xsl
INFO    : Generating any needed assets.
INFO    : XSL conversion of /Users/jennifernordstrom/pretextbooks/TBILworkbook/source/main.ptx by /Users/jennifernordstrom/.ptx/2.23.0/core/xsl/utilities/pretext-enhanced-source.xsl
INFO    : successful application of /Users/jennifernordstrom/.ptx/2.23.0/core/xsl/utilities/pretext-enhanced-source.xsl
INFO    : XSL conversion of /Users/jennifernordstrom/pretextbooks/TBILworkbook/source/main.ptx by /Users/jennifernordstrom/.ptx/2.23.0/core/xsl/utilities/pretext-enhanced-source.xsl
INFO    : successful application of /Users/jennifernordstrom/.ptx/2.23.0/core/xsl/utilities/pretext-enhanced-source.xsl
INFO    : XSL conversion of /Users/jennifernordstrom/pretextbooks/TBILworkbook/source/main.ptx by /Users/jennifernordstrom/.ptx/2.23.0/core/xsl/utilities/pretext-enhanced-source.xsl
INFO    : successful application of /Users/jennifernordstrom/.ptx/2.23.0/core/xsl/utilities/pretext-enhanced-source.xsl
INFO    : XSL conversion of /Users/jennifernordstrom/pretextbooks/TBILworkbook/source/main.ptx by /Users/jennifernordstrom/.ptx/2.23.0/core/xsl/utilities/pretext-enhanced-source.xsl
INFO    : successful application of /Users/jennifernordstrom/.ptx/2.23.0/core/xsl/utilities/pretext-enhanced-source.xsl
INFO    : XSL conversion of /Users/jennifernordstrom/pretextbooks/TBILworkbook/source/main.ptx by /Users/jennifernordstrom/.ptx/2.23.0/core/xsl/utilities/pretext-enhanced-source.xsl
INFO    : successful application of /Users/jennifernordstrom/.ptx/2.23.0/core/xsl/utilities/pretext-enhanced-source.xsl
INFO    : XSL conversion of /Users/jennifernordstrom/pretextbooks/TBILworkbook/source/main.ptx by /Users/jennifernordstrom/.ptx/2.23.0/core/xsl/utilities/pretext-enhanced-source.xsl
INFO    : successful application of /Users/jennifernordstrom/.ptx/2.23.0/core/xsl/utilities/pretext-enhanced-source.xsl
INFO    : XSL conversion of /Users/jennifernordstrom/pretextbooks/TBILworkbook/source/main.ptx by /Users/jennifernordstrom/.ptx/2.23.0/core/xsl/utilities/pretext-enhanced-source.xsl
INFO    : successful application of /Users/jennifernordstrom/.ptx/2.23.0/core/xsl/utilities/pretext-enhanced-source.xsl
INFO    : XSL conversion of /Users/jennifernordstrom/pretextbooks/TBILworkbook/source/main.ptx by /Users/jennifernordstrom/.ptx/2.23.0/core/xsl/utilities/pretext-enhanced-source.xsl
INFO    : successful application of /Users/jennifernordstrom/.ptx/2.23.0/core/xsl/utilities/pretext-enhanced-source.xsl
INFO    : XSL conversion of /Users/jennifernordstrom/pretextbooks/TBILworkbook/source/main.ptx by /Users/jennifernordstrom/.ptx/2.23.0/core/xsl/utilities/pretext-enhanced-source.xsl
INFO    : successful application of /Users/jennifernordstrom/.ptx/2.23.0/core/xsl/utilities/pretext-enhanced-source.xsl
INFO    : XSL conversion of /Users/jennifernordstrom/pretextbooks/TBILworkbook/source/main.ptx by /Users/jennifernordstrom/.ptx/2.23.0/core/xsl/utilities/pretext-enhanced-source.xsl
INFO    : successful application of /Users/jennifernordstrom/.ptx/2.23.0/core/xsl/utilities/pretext-enhanced-source.xsl
INFO    : XSL conversion of /Users/jennifernordstrom/pretextbooks/TBILworkbook/source/main.ptx by /Users/jennifernordstrom/.ptx/2.23.0/core/xsl/utilities/pretext-enhanced-source.xsl
INFO    : successful application of /Users/jennifernordstrom/.ptx/2.23.0/core/xsl/utilities/pretext-enhanced-source.xsl
INFO    : XSL conversion of /Users/jennifernordstrom/pretextbooks/TBILworkbook/source/main.ptx by /Users/jennifernordstrom/.ptx/2.23.0/core/xsl/utilities/pretext-enhanced-source.xsl
INFO    : successful application of /Users/jennifernordstrom/.ptx/2.23.0/core/xsl/utilities/pretext-enhanced-source.xsl
INFO    : XSL conversion of /Users/jennifernordstrom/pretextbooks/TBILworkbook/source/main.ptx by /Users/jennifernordstrom/.ptx/2.23.0/core/xsl/utilities/pretext-enhanced-source.xsl
INFO    : successful application of /Users/jennifernordstrom/.ptx/2.23.0/core/xsl/utilities/pretext-enhanced-source.xsl
INFO    : XSL conversion of /Users/jennifernordstrom/pretextbooks/TBILworkbook/source/main.ptx by /Users/jennifernordstrom/.ptx/2.23.0/core/xsl/utilities/pretext-enhanced-source.xsl
INFO    : successful application of /Users/jennifernordstrom/.ptx/2.23.0/core/xsl/utilities/pretext-enhanced-source.xsl
INFO    : Finished generating assets.

INFO    : Preparing to build into /Users/jennifernordstrom/pretextbooks/TBILworkbook/output/html.
INFO    : discovering source file's directory name: /Users/jennifernordstrom/pretextbooks/TBILworkbook/source
INFO    : verifying and expanding input directory: /Users/jennifernordstrom/pretextbooks/TBILworkbook/source/../generated-assets
INFO    : input directory expanded to absolute path: /Users/jennifernordstrom/pretextbooks/TBILworkbook/generated-assets
INFO    : verifying and expanding input directory: /Users/jennifernordstrom/pretextbooks/TBILworkbook/source/../assets
INFO    : input directory expanded to absolute path: /Users/jennifernordstrom/pretextbooks/TBILworkbook/assets
INFO    : discovering source file's directory name: /Users/jennifernordstrom/pretextbooks/TBILworkbook/source
INFO    : XSL conversion of /Users/jennifernordstrom/pretextbooks/TBILworkbook/source/main.ptx by /Users/jennifernordstrom/.ptx/2.23.0/core/xsl/utilities/report-publisher-variables.xsl
INFO    : successful application of /Users/jennifernordstrom/.ptx/2.23.0/core/xsl/utilities/report-publisher-variables.xsl
INFO    : Downloading rs services file from https://runestone.academy/cdn/runestone/latest/webpack_static_imports.xml.
INFO    : Runestone Services via online CDN query: version 7.11.10
INFO    : Downloading Runestone Services, version 7.11.10
INFO    : Extracting Runestone Services from archive file
INFO    : Using prebuilt CSS theme: default-legacy with options: {'options': {'primary-color': '#195684', 'secondary-color': '#932c1c'}, 'contrast-checks': {}}
INFO    : converting /Users/jennifernordstrom/pretextbooks/TBILworkbook/source/main.ptx to HTML in /var/folders/jx/_tr9kz5j537301qt36nttyh00000gn/T/ptx-y5rdg_64
INFO    : XSL conversion of /Users/jennifernordstrom/pretextbooks/TBILworkbook/source/main.ptx by /Users/jennifernordstrom/.ptx/2.23.0/core/xsl/pretext-html.xsl
INFO    : messages from the log for XSL processing:
INFO    : * PTX:INFO:   checking ONLY the last TWO YEARS of element deprecations.
Rerun with the string parameter "author.deprecations.all" set to "yes" to check your source against all deprecations.
WARNING : * PTX:WARNING: In a section containing subsections, any content that is not inside a subsection needs to be inside an <introduction> and/or  <conclusion>.
INFO    : *              located within: "ch2sec5" (xml:id), "Matrix transformations" (title)
WARNING : * PTX:DEPRECATE: (2024-10-08) elements previously included in a "titlepage" element inside the "frontmatter" (author, editor, credit, date, and event) should now be placed in "frontmatter/bibinfo".  To ensure a title page is created, put only the empty element "titlepage-items" inside "titlepage".  Until you move these elements, we will try to honor your intent. (1 time)
INFO    : *              located within: "frontmatter" (xml:id)
INFO    : * --------------
WARNING : * PTX:DEPRECATE: (2024-10-08) elements previously included in a "colophon" element inside the "frontmatter" (credit, copyright, edition, and website) should now be placed in "frontmatter/bibinfo". To produce a "colophon", include only the empty element "colophon-items" inside "colophon" Until you move these elements, we will try to honor your intent. (1 time)
INFO    : *              located within: "frontmatter" (xml:id)
INFO    : * --------------
WARNING : * PTX:DEPRECATE: (2024-07-12) the html/css/@style publication file entry has been deprecated for replacement by @theme. See the Guide for theme options.
INFO    : * --------------
INFO    : successful application of /Users/jennifernordstrom/.ptx/2.23.0/core/xsl/pretext-html.xsl
INFO    : Removing temporary directory /var/folders/jx/_tr9kz5j537301qt36nttyh00000gn/T/ptx-y5rdg_64
INFO    : Removing temporary directory /var/folders/jx/_tr9kz5j537301qt36nttyh00000gn/T/ptx-zieitnnv
INFO    : 
Success! Run `pretext view html` to see the results.

INFO    : 
